<?xml version="1.0" encoding="UTF-8"?>
<testsuite name="DeckTest" tests="3" skipped="0" failures="0" errors="0" timestamp="2021-02-05T16:37:41" hostname="NB200818FPR" time="0.033">
  <properties/>
  <testcase name="shuffle_is_working()" classname="DeckTest" time="0.029"/>
  <testcase name="deck_has_one_less_card_after_deal_one_card()" classname="DeckTest" time="0.002"/>
  <testcase name="deck_is_empty_after_getting_all_cards()" classname="DeckTest" time="0.0"/>
  <system-out><![CDATA[]]></system-out>
  <system-err><![CDATA[]]></system-err>
</testsuite>
